# JRE version: OpenJDK Runtime Environment (8.0_212-b03) (build 1.8.0_212-8u212-b03-2~deb9u1-b03)
# Java VM: OpenJDK 64-Bit Server VM (25.212-b03 mixed mode linux-amd64 )
Heap:
 def new generation   total 585984K, used 0K [0x00007f95b9000000, 0x00007f95e0bd0000, 0x00007f98fa550000)
  eden space 520896K,   0% used [0x00007f95b9000000, 0x00007f95b9000000, 0x00007f95d8cb0000)
  from space 65088K,   0% used [0x00007f95d8cb0000, 0x00007f95d8cb0000, 0x00007f95dcc40000)
  to   space 65088K,   0% used [0x00007f95dcc40000, 0x00007f95dcc40000, 0x00007f95e0bd0000)
 tenured generation   total 1305832K, used 1202061K [0x00007f98fa550000, 0x00007f994a08a000, 0x00007f9f7d000000)
   the space 1305832K,  92% used [0x00007f98fa550000, 0x00007f9943b33548, 0x00007f9943b33600, 0x00007f994a08a000)
 Metaspace       used 94968K, capacity 107209K, committed 107264K, reserved 108544K
GC Heap History (10 events):
Event: 893.858 GC heap after
Heap after GC invocations=566 (full 8):
 def new generation   total 585984K, used 32109K [0x00007f95b9000000, 0x00007f95e0bd0000, 0x00007f98fa550000)
  eden space 520896K,   0% used [0x00007f95b9000000, 0x00007f95b9000000, 0x00007f95d8cb0000)
  from space 65088K,  49% used [0x00007f95dcc40000, 0x00007f95deb9b7c0, 0x00007f95e0bd0000)
  to   space 65088K,   0% used [0x00007f95d8cb0000, 0x00007f95d8cb0000, 0x00007f95dcc40000)
 tenured generation   total 1301992K, used 1287190K [0x00007f98fa550000, 0x00007f9949cca000, 0x00007f9f7d000000)
   the space 1301992K,  98% used [0x00007f98fa550000, 0x00007f9948e55998, 0x00007f9948e55a00, 0x00007f9949cca000)
 Metaspace       used 94948K, capacity 107209K, committed 107264K, reserved 108544K
}
Event: 896.360 GC heap before
{Heap before GC invocations=566 (full 8):
 def new generation   total 585984K, used 553005K [0x00007f95b9000000, 0x00007f95e0bd0000, 0x00007f98fa550000)
  eden space 520896K, 100% used [0x00007f95b9000000, 0x00007f95d8cb0000, 0x00007f95d8cb0000)
  from space 65088K,  49% used [0x00007f95dcc40000, 0x00007f95deb9b7c0, 0x00007f95e0bd0000)
  to   space 65088K,   0% used [0x00007f95d8cb0000, 0x00007f95d8cb0000, 0x00007f95dcc40000)
 tenured generation   total 1301992K, used 1287190K [0x00007f98fa550000, 0x00007f9949cca000, 0x00007f9f7d000000)
   the space 1301992K,  98% used [0x00007f98fa550000, 0x00007f9948e55998, 0x00007f9948e55a00, 0x00007f9949cca000)
 Metaspace       used 94953K, capacity 107209K, committed 107264K, reserved 108544K
Event: 896.395 GC heap after
Heap after GC invocations=567 (full 8):
 def new generation   total 585984K, used 35941K [0x00007f95b9000000, 0x00007f95e0bd0000, 0x00007f98fa550000)
  eden space 520896K,   0% used [0x00007f95b9000000, 0x00007f95b9000000, 0x00007f95d8cb0000)
  from space 65088K,  55% used [0x00007f95d8cb0000, 0x00007f95dafc9798, 0x00007f95dcc40000)
  to   space 65088K,   0% used [0x00007f95dcc40000, 0x00007f95dcc40000, 0x00007f95e0bd0000)
 tenured generation   total 1301992K, used 1287190K [0x00007f98fa550000, 0x00007f9949cca000, 0x00007f9f7d000000)
   the space 1301992K,  98% used [0x00007f98fa550000, 0x00007f9948e55998, 0x00007f9948e55a00, 0x00007f9949cca000)
 Metaspace       used 94953K, capacity 107209K, committed 107264K, reserved 108544K
}
Event: 898.584 GC heap before
{Heap before GC invocations=567 (full 8):
 def new generation   total 585984K, used 556837K [0x00007f95b9000000, 0x00007f95e0bd0000, 0x00007f98fa550000)
  eden space 520896K, 100% used [0x00007f95b9000000, 0x00007f95d8cb0000, 0x00007f95d8cb0000)
  from space 65088K,  55% used [0x00007f95d8cb0000, 0x00007f95dafc9798, 0x00007f95dcc40000)
  to   space 65088K,   0% used [0x00007f95dcc40000, 0x00007f95dcc40000, 0x00007f95e0bd0000)
 tenured generation   total 1301992K, used 1287190K [0x00007f98fa550000, 0x00007f9949cca000, 0x00007f9f7d000000)
   the space 1301992K,  98% used [0x00007f98fa550000, 0x00007f9948e55998, 0x00007f9948e55a00, 0x00007f9949cca000)
 Metaspace       used 94966K, capacity 107209K, committed 107264K, reserved 108544K
Event: 898.633 GC heap after
Heap after GC invocations=568 (full 8):
 def new generation   total 585984K, used 32729K [0x00007f95b9000000, 0x00007f95e0bd0000, 0x00007f98fa550000)
  eden space 520896K,   0% used [0x00007f95b9000000, 0x00007f95b9000000, 0x00007f95d8cb0000)
  from space 65088K,  50% used [0x00007f95dcc40000, 0x00007f95dec36458, 0x00007f95e0bd0000)
  to   space 65088K,   0% used [0x00007f95d8cb0000, 0x00007f95d8cb0000, 0x00007f95dcc40000)
 tenured generation   total 1301992K, used 1295307K [0x00007f98fa550000, 0x00007f9949cca000, 0x00007f9f7d000000)
   the space 1301992K,  99% used [0x00007f98fa550000, 0x00007f9949642c58, 0x00007f9949642e00, 0x00007f9949cca000)
 Metaspace       used 94966K, capacity 107209K, committed 107264K, reserved 108544K
}
Event: 900.813 GC heap before
{Heap before GC invocations=568 (full 8):
 def new generation   total 585984K, used 553625K [0x00007f95b9000000, 0x00007f95e0bd0000, 0x00007f98fa550000)
  eden space 520896K, 100% used [0x00007f95b9000000, 0x00007f95d8cb0000, 0x00007f95d8cb0000)
  from space 65088K,  50% used [0x00007f95dcc40000, 0x00007f95dec36458, 0x00007f95e0bd0000)
  to   space 65088K,   0% used [0x00007f95d8cb0000, 0x00007f95d8cb0000, 0x00007f95dcc40000)
 tenured generation   total 1301992K, used 1295307K [0x00007f98fa550000, 0x00007f9949cca000, 0x00007f9f7d000000)
   the space 1301992K,  99% used [0x00007f98fa550000, 0x00007f9949642c58, 0x00007f9949642e00, 0x00007f9949cca000)
 Metaspace       used 94967K, capacity 107209K, committed 107264K, reserved 108544K
Event: 900.848 GC heap after
Heap after GC invocations=569 (full 8):
 def new generation   total 585984K, used 32139K [0x00007f95b9000000, 0x00007f95e0bd0000, 0x00007f98fa550000)
  eden space 520896K,   0% used [0x00007f95b9000000, 0x00007f95b9000000, 0x00007f95d8cb0000)
  from space 65088K,  49% used [0x00007f95d8cb0000, 0x00007f95dac12d78, 0x00007f95dcc40000)
  to   space 65088K,   0% used [0x00007f95dcc40000, 0x00007f95dcc40000, 0x00007f95e0bd0000)
 tenured generation   total 1301992K, used 1299846K [0x00007f98fa550000, 0x00007f9949cca000, 0x00007f9f7d000000)
   the space 1301992K,  99% used [0x00007f98fa550000, 0x00007f9949ab1958, 0x00007f9949ab1a00, 0x00007f9949cca000)
 Metaspace       used 94967K, capacity 107209K, committed 107264K, reserved 108544K
}
Event: 902.451 GC heap before
{Heap before GC invocations=569 (full 8):
 def new generation   total 585984K, used 553035K [0x00007f95b9000000, 0x00007f95e0bd0000, 0x00007f98fa550000)
  eden space 520896K, 100% used [0x00007f95b9000000, 0x00007f95d8cb0000, 0x00007f95d8cb0000)
  from space 65088K,  49% used [0x00007f95d8cb0000, 0x00007f95dac12d78, 0x00007f95dcc40000)
  to   space 65088K,   0% used [0x00007f95dcc40000, 0x00007f95dcc40000, 0x00007f95e0bd0000)
 tenured generation   total 1301992K, used 1299846K [0x00007f98fa550000, 0x00007f9949cca000, 0x00007f9f7d000000)
   the space 1301992K,  99% used [0x00007f98fa550000, 0x00007f9949ab1958, 0x00007f9949ab1a00, 0x00007f9949cca000)
 Metaspace       used 94968K, capacity 107209K, committed 107264K, reserved 108544K
Event: 902.485 GC heap after
Heap after GC invocations=570 (full 8):
 def new generation   total 585984K, used 34862K [0x00007f95b9000000, 0x00007f95e0bd0000, 0x00007f98fa550000)
  eden space 520896K,   0% used [0x00007f95b9000000, 0x00007f95b9000000, 0x00007f95d8cb0000)
  from space 65088K,  53% used [0x00007f95dcc40000, 0x00007f95dee4ba68, 0x00007f95e0bd0000)
  to   space 65088K,   0% used [0x00007f95d8cb0000, 0x00007f95d8cb0000, 0x00007f95dcc40000)
 tenured generation   total 1301992K, used 1299846K [0x00007f98fa550000, 0x00007f9949cca000, 0x00007f9f7d000000)
   the space 1301992K,  99% used [0x00007f98fa550000, 0x00007f9949ab1958, 0x00007f9949ab1a00, 0x00007f9949cca000)
 Metaspace       used 94968K, capacity 107209K, committed 107264K, reserved 108544K
}
Event: 904.460 GC heap before
{Heap before GC invocations=570 (full 8):
 def new generation   total 585984K, used 555758K [0x00007f95b9000000, 0x00007f95e0bd0000, 0x00007f98fa550000)
  eden space 520896K, 100% used [0x00007f95b9000000, 0x00007f95d8cb0000, 0x00007f95d8cb0000)
  from space 65088K,  53% used [0x00007f95dcc40000, 0x00007f95dee4ba68, 0x00007f95e0bd0000)
  to   space 65088K,   0% used [0x00007f95d8cb0000, 0x00007f95d8cb0000, 0x00007f95dcc40000)
 tenured generation   total 1301992K, used 1299846K [0x00007f98fa550000, 0x00007f9949cca000, 0x00007f9f7d000000)
   the space 1301992K,  99% used [0x00007f98fa550000, 0x00007f9949ab1958, 0x00007f9949ab1a00, 0x00007f9949cca000)
 Metaspace       used 94968K, capacity 107209K, committed 107264K, reserved 108544K

