# JRE version: OpenJDK Runtime Environment (8.0_222-b10) (build 1.8.0_222-8u222-b10-1~deb9u1-b10)
# Java VM: OpenJDK 64-Bit Server VM (25.222-b10 mixed mode linux-amd64 compressed oops)
Heap:
 def new generation   total 899520K, used 0K [0x00000006c6000000, 0x0000000703000000, 0x0000000719550000)
  eden space 799616K,   0% used [0x00000006c6000000, 0x00000006c6000000, 0x00000006f6ce0000)
  from space 99904K,   0% used [0x00000006fce70000, 0x00000006fce70000, 0x0000000703000000)
  to   space 99904K,   0% used [0x00000006f6ce0000, 0x00000006f6ce0000, 0x00000006fce70000)
 tenured generation   total 1999228K, used 1573226K [0x0000000719550000, 0x00000007935af000, 0x00000007c0000000)
   the space 1999228K,  78% used [0x0000000719550000, 0x00000007795aa980, 0x00000007795aaa00, 0x00000007935af000)
 Metaspace       used 114434K, capacity 125810K, committed 125912K, reserved 1159168K
  class space    used 14137K, capacity 16594K, committed 16640K, reserved 1048576K
GC Heap History (10 events):
Event: 4886.550 GC heap after
Heap after GC invocations=1257 (full 8):
 def new generation   total 899520K, used 41274K [0x00000006c6000000, 0x0000000703000000, 0x0000000719550000)
  eden space 799616K,   0% used [0x00000006c6000000, 0x00000006c6000000, 0x00000006f6ce0000)
  from space 99904K,  41% used [0x00000006f6ce0000, 0x00000006f952e9e0, 0x00000006fce70000)
  to   space 99904K,   0% used [0x00000006fce70000, 0x00000006fce70000, 0x0000000703000000)
 tenured generation   total 1998652K, used 1970336K [0x0000000719550000, 0x000000079351f000, 0x00000007c0000000)
   the space 1998652K,  98% used [0x0000000719550000, 0x0000000791978290, 0x0000000791978400, 0x000000079351f000)
 Metaspace       used 114421K, capacity 125810K, committed 125912K, reserved 1159168K
  class space    used 14137K, capacity 16594K, committed 16640K, reserved 1048576K
}
Event: 4890.369 GC heap before
{Heap before GC invocations=1257 (full 8):
 def new generation   total 899520K, used 840890K [0x00000006c6000000, 0x0000000703000000, 0x0000000719550000)
  eden space 799616K, 100% used [0x00000006c6000000, 0x00000006f6ce0000, 0x00000006f6ce0000)
  from space 99904K,  41% used [0x00000006f6ce0000, 0x00000006f952e9e0, 0x00000006fce70000)
  to   space 99904K,   0% used [0x00000006fce70000, 0x00000006fce70000, 0x0000000703000000)
 tenured generation   total 1998652K, used 1970336K [0x0000000719550000, 0x000000079351f000, 0x00000007c0000000)
   the space 1998652K,  98% used [0x0000000719550000, 0x0000000791978290, 0x0000000791978400, 0x000000079351f000)
 Metaspace       used 114425K, capacity 125810K, committed 125912K, reserved 1159168K
  class space    used 14137K, capacity 16594K, committed 16640K, reserved 1048576K
Event: 4890.450 GC heap after
Heap after GC invocations=1258 (full 8):
 def new generation   total 899520K, used 48130K [0x00000006c6000000, 0x0000000703000000, 0x0000000719550000)
  eden space 799616K,   0% used [0x00000006c6000000, 0x00000006c6000000, 0x00000006f6ce0000)
  from space 99904K,  48% used [0x00000006fce70000, 0x00000006ffd709d0, 0x0000000703000000)
  to   space 99904K,   0% used [0x00000006f6ce0000, 0x00000006f6ce0000, 0x00000006fce70000)
 tenured generation   total 1998652K, used 1971875K [0x0000000719550000, 0x000000079351f000, 0x00000007c0000000)
   the space 1998652K,  98% used [0x0000000719550000, 0x0000000791af8da8, 0x0000000791af8e00, 0x000000079351f000)
 Metaspace       used 114425K, capacity 125810K, committed 125912K, reserved 1159168K
  class space    used 14137K, capacity 16594K, committed 16640K, reserved 1048576K
}
Event: 4894.193 GC heap before
{Heap before GC invocations=1258 (full 8):
 def new generation   total 899520K, used 847657K [0x00000006c6000000, 0x0000000703000000, 0x0000000719550000)
  eden space 799616K,  99% used [0x00000006c6000000, 0x00000006f6cc9c90, 0x00000006f6ce0000)
  from space 99904K,  48% used [0x00000006fce70000, 0x00000006ffd709d0, 0x0000000703000000)
  to   space 99904K,   0% used [0x00000006f6ce0000, 0x00000006f6ce0000, 0x00000006fce70000)
 tenured generation   total 1998652K, used 1971875K [0x0000000719550000, 0x000000079351f000, 0x00000007c0000000)
   the space 1998652K,  98% used [0x0000000719550000, 0x0000000791af8da8, 0x0000000791af8e00, 0x000000079351f000)
 Metaspace       used 114433K, capacity 125810K, committed 125912K, reserved 1159168K
  class space    used 14137K, capacity 16594K, committed 16640K, reserved 1048576K
Event: 4894.273 GC heap after
Heap after GC invocations=1259 (full 8):
 def new generation   total 899520K, used 49649K [0x00000006c6000000, 0x0000000703000000, 0x0000000719550000)
  eden space 799616K,   0% used [0x00000006c6000000, 0x00000006c6000000, 0x00000006f6ce0000)
  from space 99904K,  49% used [0x00000006f6ce0000, 0x00000006f9d5c710, 0x00000006fce70000)
  to   space 99904K,   0% used [0x00000006fce70000, 0x00000006fce70000, 0x0000000703000000)
 tenured generation   total 1998652K, used 1972211K [0x0000000719550000, 0x000000079351f000, 0x00000007c0000000)
   the space 1998652K,  98% used [0x0000000719550000, 0x0000000791b4ceb8, 0x0000000791b4d000, 0x000000079351f000)
 Metaspace       used 114433K, capacity 125810K, committed 125912K, reserved 1159168K
  class space    used 14137K, capacity 16594K, committed 16640K, reserved 1048576K
}
Event: 4898.611 GC heap before
{Heap before GC invocations=1259 (full 8):
 def new generation   total 899520K, used 849265K [0x00000006c6000000, 0x0000000703000000, 0x0000000719550000)
  eden space 799616K, 100% used [0x00000006c6000000, 0x00000006f6ce0000, 0x00000006f6ce0000)
  from space 99904K,  49% used [0x00000006f6ce0000, 0x00000006f9d5c710, 0x00000006fce70000)
  to   space 99904K,   0% used [0x00000006fce70000, 0x00000006fce70000, 0x0000000703000000)
 tenured generation   total 1998652K, used 1972211K [0x0000000719550000, 0x000000079351f000, 0x00000007c0000000)
   the space 1998652K,  98% used [0x0000000719550000, 0x0000000791b4ceb8, 0x0000000791b4d000, 0x000000079351f000)
 Metaspace       used 114433K, capacity 125810K, committed 125912K, reserved 1159168K
  class space    used 14137K, capacity 16594K, committed 16640K, reserved 1048576K
Event: 4898.693 GC heap after
Heap after GC invocations=1260 (full 8):
 def new generation   total 899520K, used 51733K [0x00000006c6000000, 0x0000000703000000, 0x0000000719550000)
  eden space 799616K,   0% used [0x00000006c6000000, 0x00000006c6000000, 0x00000006f6ce0000)
  from space 99904K,  51% used [0x00000006fce70000, 0x00000007000f5728, 0x0000000703000000)
  to   space 99904K,   0% used [0x00000006f6ce0000, 0x00000006f6ce0000, 0x00000006fce70000)
 tenured generation   total 1998652K, used 1973540K [0x0000000719550000, 0x000000079351f000, 0x00000007c0000000)
   the space 1998652K,  98% used [0x0000000719550000, 0x0000000791c990d0, 0x0000000791c99200, 0x000000079351f000)
 Metaspace       used 114433K, capacity 125810K, committed 125912K, reserved 1159168K
  class space    used 14137K, capacity 16594K, committed 16640K, reserved 1048576K
}
Event: 4906.378 GC heap before
{Heap before GC invocations=1260 (full 8):
 def new generation   total 899520K, used 851349K [0x00000006c6000000, 0x0000000703000000, 0x0000000719550000)
  eden space 799616K, 100% used [0x00000006c6000000, 0x00000006f6ce0000, 0x00000006f6ce0000)
  from space 99904K,  51% used [0x00000006fce70000, 0x00000007000f5728, 0x0000000703000000)
  to   space 99904K,   0% used [0x00000006f6ce0000, 0x00000006f6ce0000, 0x00000006fce70000)
 tenured generation   total 1998652K, used 1973540K [0x0000000719550000, 0x000000079351f000, 0x00000007c0000000)
   the space 1998652K,  98% used [0x0000000719550000, 0x0000000791c990d0, 0x0000000791c99200, 0x000000079351f000)
 Metaspace       used 114433K, capacity 125810K, committed 125912K, reserved 1159168K
  class space    used 14137K, capacity 16594K, committed 16640K, reserved 1048576K
Event: 4906.502 GC heap after
Heap after GC invocations=1261 (full 8):
 def new generation   total 899520K, used 68141K [0x00000006c6000000, 0x0000000703000000, 0x0000000719550000)
  eden space 799616K,   0% used [0x00000006c6000000, 0x00000006c6000000, 0x00000006f6ce0000)
  from space 99904K,  68% used [0x00000006f6ce0000, 0x00000006faf6b560, 0x00000006fce70000)
  to   space 99904K,   0% used [0x00000006fce70000, 0x00000006fce70000, 0x0000000703000000)
 tenured generation   total 1998652K, used 1977928K [0x0000000719550000, 0x000000079351f000, 0x00000007c0000000)
   the space 1998652K,  98% used [0x0000000719550000, 0x00000007920e2248, 0x00000007920e2400, 0x000000079351f000)
 Metaspace       used 114433K, capacity 125810K, committed 125912K, reserved 1159168K
  class space    used 14137K, capacity 16594K, committed 16640K, reserved 1048576K
}
Event: 4910.680 GC heap before
{Heap before GC invocations=1261 (full 8):
 def new generation   total 899520K, used 867296K [0x00000006c6000000, 0x0000000703000000, 0x0000000719550000)
  eden space 799616K,  99% used [0x00000006c6000000, 0x00000006f6c6cd40, 0x00000006f6ce0000)
  from space 99904K,  68% used [0x00000006f6ce0000, 0x00000006faf6b560, 0x00000006fce70000)
  to   space 99904K,   0% used [0x00000006fce70000, 0x00000006fce70000, 0x0000000703000000)
 tenured generation   total 1998652K, used 1977928K [0x0000000719550000, 0x000000079351f000, 0x00000007c0000000)
   the space 1998652K,  98% used [0x0000000719550000, 0x00000007920e2248, 0x00000007920e2400, 0x000000079351f000)
 Metaspace       used 114434K, capacity 125810K, committed 125912K, reserved 1159168K
  class space    used 14137K, capacity 16594K, committed 16640K, reserved 1048576K

