# JRE version: OpenJDK Runtime Environment (8.0_222-b10) (build 1.8.0_222-8u222-b10-1~deb9u1-b10)
# Java VM: OpenJDK 64-Bit Server VM (25.222-b10 mixed mode linux-amd64 compressed oops)
Heap:
 def new generation   total 899712K, used 0K [0x00000006c6000000, 0x0000000703040000, 0x0000000719550000)
  eden space 799744K,   0% used [0x00000006c6000000, 0x00000006c6000000, 0x00000006f6d00000)
  from space 99968K,   0% used [0x00000006fcea0000, 0x00000006fcea0000, 0x0000000703040000)
  to   space 99968K,   0% used [0x00000006f6d00000, 0x00000006f6d00000, 0x00000006fcea0000)
 tenured generation   total 2063368K, used 1948815K [0x0000000719550000, 0x0000000797452000, 0x00000007c0000000)
   the space 2063368K,  94% used [0x0000000719550000, 0x0000000790473f38, 0x0000000790474000, 0x0000000797452000)
 Metaspace       used 107243K, capacity 117268K, committed 117336K, reserved 1150976K
  class space    used 13738K, capacity 15961K, committed 16000K, reserved 1048576K
GC Heap History (10 events):
Event: 569.152 GC heap after
Heap after GC invocations=318 (full 7):
 def new generation   total 899712K, used 64892K [0x00000006c6000000, 0x0000000703040000, 0x0000000719550000)
  eden space 799744K,   0% used [0x00000006c6000000, 0x00000006c6000000, 0x00000006f6d00000)
  from space 99968K,  64% used [0x00000006f6d00000, 0x00000006fac5f0c0, 0x00000006fcea0000)
  to   space 99968K,   0% used [0x00000006fcea0000, 0x00000006fcea0000, 0x0000000703040000)
 tenured generation   total 1999240K, used 1635861K [0x0000000719550000, 0x00000007935b2000, 0x00000007c0000000)
   the space 1999240K,  81% used [0x0000000719550000, 0x000000077d2d5440, 0x000000077d2d5600, 0x00000007935b2000)
 Metaspace       used 107159K, capacity 117130K, committed 117336K, reserved 1150976K
  class space    used 13738K, capacity 15960K, committed 16000K, reserved 1048576K
}
Event: 571.032 GC heap before
{Heap before GC invocations=318 (full 7):
 def new generation   total 899712K, used 864636K [0x00000006c6000000, 0x0000000703040000, 0x0000000719550000)
  eden space 799744K, 100% used [0x00000006c6000000, 0x00000006f6d00000, 0x00000006f6d00000)
  from space 99968K,  64% used [0x00000006f6d00000, 0x00000006fac5f0c0, 0x00000006fcea0000)
  to   space 99968K,   0% used [0x00000006fcea0000, 0x00000006fcea0000, 0x0000000703040000)
 tenured generation   total 1999240K, used 1635861K [0x0000000719550000, 0x00000007935b2000, 0x00000007c0000000)
   the space 1999240K,  81% used [0x0000000719550000, 0x000000077d2d5440, 0x000000077d2d5600, 0x00000007935b2000)
 Metaspace       used 107164K, capacity 117134K, committed 117336K, reserved 1150976K
  class space    used 13738K, capacity 15960K, committed 16000K, reserved 1048576K
Event: 571.756 GC heap after
Heap after GC invocations=319 (full 7):
 def new generation   total 899712K, used 65727K [0x00000006c6000000, 0x0000000703040000, 0x0000000719550000)
  eden space 799744K,   0% used [0x00000006c6000000, 0x00000006c6000000, 0x00000006f6d00000)
  from space 99968K,  65% used [0x00000006fcea0000, 0x0000000700ecfc20, 0x0000000703040000)
  to   space 99968K,   0% used [0x00000006f6d00000, 0x00000006f6d00000, 0x00000006fcea0000)
 tenured generation   total 1999240K, used 1699179K [0x0000000719550000, 0x00000007935b2000, 0x00000007c0000000)
   the space 1999240K,  84% used [0x0000000719550000, 0x00000007810aac80, 0x00000007810aae00, 0x00000007935b2000)
 Metaspace       used 107164K, capacity 117134K, committed 117336K, reserved 1150976K
  class space    used 13738K, capacity 15960K, committed 16000K, reserved 1048576K
}
Event: 575.641 GC heap before
{Heap before GC invocations=319 (full 7):
 def new generation   total 899712K, used 865471K [0x00000006c6000000, 0x0000000703040000, 0x0000000719550000)
  eden space 799744K, 100% used [0x00000006c6000000, 0x00000006f6d00000, 0x00000006f6d00000)
  from space 99968K,  65% used [0x00000006fcea0000, 0x0000000700ecfc20, 0x0000000703040000)
  to   space 99968K,   0% used [0x00000006f6d00000, 0x00000006f6d00000, 0x00000006fcea0000)
 tenured generation   total 1999240K, used 1699179K [0x0000000719550000, 0x00000007935b2000, 0x00000007c0000000)
   the space 1999240K,  84% used [0x0000000719550000, 0x00000007810aac80, 0x00000007810aae00, 0x00000007935b2000)
 Metaspace       used 107229K, capacity 117262K, committed 117336K, reserved 1150976K
  class space    used 13738K, capacity 15960K, committed 16000K, reserved 1048576K
Event: 576.298 GC heap after
Heap after GC invocations=320 (full 7):
 def new generation   total 899712K, used 59114K [0x00000006c6000000, 0x0000000703040000, 0x0000000719550000)
  eden space 799744K,   0% used [0x00000006c6000000, 0x00000006c6000000, 0x00000006f6d00000)
  from space 99968K,  59% used [0x00000006f6d00000, 0x00000006fa6ba9d0, 0x00000006fcea0000)
  to   space 99968K,   0% used [0x00000006fcea0000, 0x00000006fcea0000, 0x0000000703040000)
 tenured generation   total 1999240K, used 1763624K [0x0000000719550000, 0x00000007935b2000, 0x00000007c0000000)
   the space 1999240K,  88% used [0x0000000719550000, 0x0000000784f9a190, 0x0000000784f9a200, 0x00000007935b2000)
 Metaspace       used 107229K, capacity 117262K, committed 117336K, reserved 1150976K
  class space    used 13738K, capacity 15960K, committed 16000K, reserved 1048576K
}
Event: 578.178 GC heap before
{Heap before GC invocations=320 (full 7):
 def new generation   total 899712K, used 858858K [0x00000006c6000000, 0x0000000703040000, 0x0000000719550000)
  eden space 799744K, 100% used [0x00000006c6000000, 0x00000006f6d00000, 0x00000006f6d00000)
  from space 99968K,  59% used [0x00000006f6d00000, 0x00000006fa6ba9d0, 0x00000006fcea0000)
  to   space 99968K,   0% used [0x00000006fcea0000, 0x00000006fcea0000, 0x0000000703040000)
 tenured generation   total 1999240K, used 1763624K [0x0000000719550000, 0x00000007935b2000, 0x00000007c0000000)
   the space 1999240K,  88% used [0x0000000719550000, 0x0000000784f9a190, 0x0000000784f9a200, 0x00000007935b2000)
 Metaspace       used 107229K, capacity 117262K, committed 117336K, reserved 1150976K
  class space    used 13738K, capacity 15960K, committed 16000K, reserved 1048576K
Event: 578.984 GC heap after
Heap after GC invocations=321 (full 7):
 def new generation   total 899712K, used 64920K [0x00000006c6000000, 0x0000000703040000, 0x0000000719550000)
  eden space 799744K,   0% used [0x00000006c6000000, 0x00000006c6000000, 0x00000006f6d00000)
  from space 99968K,  64% used [0x00000006fcea0000, 0x0000000700e063f8, 0x0000000703040000)
  to   space 99968K,   0% used [0x00000006f6d00000, 0x00000006f6d00000, 0x00000006fcea0000)
 tenured generation   total 1999240K, used 1821506K [0x0000000719550000, 0x00000007935b2000, 0x00000007c0000000)
   the space 1999240K,  91% used [0x0000000719550000, 0x0000000788820b60, 0x0000000788820c00, 0x00000007935b2000)
 Metaspace       used 107229K, capacity 117262K, committed 117336K, reserved 1150976K
  class space    used 13738K, capacity 15960K, committed 16000K, reserved 1048576K
}
Event: 580.810 GC heap before
{Heap before GC invocations=321 (full 7):
 def new generation   total 899712K, used 864664K [0x00000006c6000000, 0x0000000703040000, 0x0000000719550000)
  eden space 799744K, 100% used [0x00000006c6000000, 0x00000006f6d00000, 0x00000006f6d00000)
  from space 99968K,  64% used [0x00000006fcea0000, 0x0000000700e063f8, 0x0000000703040000)
  to   space 99968K,   0% used [0x00000006f6d00000, 0x00000006f6d00000, 0x00000006fcea0000)
 tenured generation   total 1999240K, used 1821506K [0x0000000719550000, 0x00000007935b2000, 0x00000007c0000000)
   the space 1999240K,  91% used [0x0000000719550000, 0x0000000788820b60, 0x0000000788820c00, 0x00000007935b2000)
 Metaspace       used 107237K, capacity 117268K, committed 117336K, reserved 1150976K
  class space    used 13738K, capacity 15961K, committed 16000K, reserved 1048576K
Event: 581.610 GC heap after
Heap after GC invocations=322 (full 7):
 def new generation   total 899712K, used 65434K [0x00000006c6000000, 0x0000000703040000, 0x0000000719550000)
  eden space 799744K,   0% used [0x00000006c6000000, 0x00000006c6000000, 0x00000006f6d00000)
  from space 99968K,  65% used [0x00000006f6d00000, 0x00000006face6ae8, 0x00000006fcea0000)
  to   space 99968K,   0% used [0x00000006fcea0000, 0x00000006fcea0000, 0x0000000703040000)
 tenured generation   total 1999240K, used 1885029K [0x0000000719550000, 0x00000007935b2000, 0x00000007c0000000)
   the space 1999240K,  94% used [0x0000000719550000, 0x000000078c629478, 0x000000078c629600, 0x00000007935b2000)
 Metaspace       used 107237K, capacity 117268K, committed 117336K, reserved 1150976K
  class space    used 13738K, capacity 15961K, committed 16000K, reserved 1048576K
}
Event: 583.200 GC heap before
{Heap before GC invocations=322 (full 7):
 def new generation   total 899712K, used 865178K [0x00000006c6000000, 0x0000000703040000, 0x0000000719550000)
  eden space 799744K, 100% used [0x00000006c6000000, 0x00000006f6d00000, 0x00000006f6d00000)
  from space 99968K,  65% used [0x00000006f6d00000, 0x00000006face6ae8, 0x00000006fcea0000)
  to   space 99968K,   0% used [0x00000006fcea0000, 0x00000006fcea0000, 0x0000000703040000)
 tenured generation   total 1999240K, used 1885029K [0x0000000719550000, 0x00000007935b2000, 0x00000007c0000000)
   the space 1999240K,  94% used [0x0000000719550000, 0x000000078c629478, 0x000000078c629600, 0x00000007935b2000)
 Metaspace       used 107243K, capacity 117268K, committed 117336K, reserved 1150976K
  class space    used 13738K, capacity 15961K, committed 16000K, reserved 1048576K

