# JRE version: OpenJDK Runtime Environment (8.0_212-b03) (build 1.8.0_212-8u212-b03-2~deb9u1-b03)
# Java VM: OpenJDK 64-Bit Server VM (25.212-b03 mixed mode linux-amd64 )
Heap:
 def new generation   total 750976K, used 54348K [0x00007fa3ad000000, 0x00007fa3dfed0000, 0x00007fa6ee550000)
  eden space 667584K,   2% used [0x00007fa3ad000000, 0x00007fa3add4e4c0, 0x00007fa3d5bf0000)
  from space 83392K,  48% used [0x00007fa3d5bf0000, 0x00007fa3d83b4c18, 0x00007fa3dad60000)
  to   space 83392K,   0% used [0x00007fa3dad60000, 0x00007fa3dad60000, 0x00007fa3dfed0000)
 tenured generation   total 1668496K, used 1655271K [0x00007fa6ee550000, 0x00007fa7542b4000, 0x00007fad71000000)
   the space 1668496K,  99% used [0x00007fa6ee550000, 0x00007fa7535c9fc8, 0x00007fa7535ca000, 0x00007fa7542b4000)
 Metaspace       used 104818K, capacity 117867K, committed 118016K, reserved 118784K
GC Heap History (10 events):
Event: 38925.635 GC heap before
{Heap before GC invocations=4194 (full 14):
 def new generation   total 750976K, used 705844K [0x00007fa3ad000000, 0x00007fa3dfed0000, 0x00007fa6ee550000)
  eden space 667584K, 100% used [0x00007fa3ad000000, 0x00007fa3d5bf0000, 0x00007fa3d5bf0000)
  from space 83392K,  45% used [0x00007fa3dad60000, 0x00007fa3dd2bd398, 0x00007fa3dfed0000)
  to   space 83392K,   0% used [0x00007fa3d5bf0000, 0x00007fa3d5bf0000, 0x00007fa3dad60000)
 tenured generation   total 1668496K, used 1634295K [0x00007fa6ee550000, 0x00007fa7542b4000, 0x00007fad71000000)
   the space 1668496K,  97% used [0x00007fa6ee550000, 0x00007fa75214dc68, 0x00007fa75214de00, 0x00007fa7542b4000)
 Metaspace       used 104813K, capacity 117862K, committed 118016K, reserved 118784K
Event: 38925.696 GC heap after
Heap after GC invocations=4195 (full 14):
 def new generation   total 750976K, used 40446K [0x00007fa3ad000000, 0x00007fa3dfed0000, 0x00007fa6ee550000)
  eden space 667584K,   0% used [0x00007fa3ad000000, 0x00007fa3ad000000, 0x00007fa3d5bf0000)
  from space 83392K,  48% used [0x00007fa3d5bf0000, 0x00007fa3d836fb98, 0x00007fa3dad60000)
  to   space 83392K,   0% used [0x00007fa3dad60000, 0x00007fa3dad60000, 0x00007fa3dfed0000)
 tenured generation   total 1668496K, used 1634295K [0x00007fa6ee550000, 0x00007fa7542b4000, 0x00007fad71000000)
   the space 1668496K,  97% used [0x00007fa6ee550000, 0x00007fa75214dc68, 0x00007fa75214de00, 0x00007fa7542b4000)
 Metaspace       used 104813K, capacity 117862K, committed 118016K, reserved 118784K
}
Event: 38929.284 GC heap before
{Heap before GC invocations=4195 (full 14):
 def new generation   total 750976K, used 708030K [0x00007fa3ad000000, 0x00007fa3dfed0000, 0x00007fa6ee550000)
  eden space 667584K, 100% used [0x00007fa3ad000000, 0x00007fa3d5bf0000, 0x00007fa3d5bf0000)
  from space 83392K,  48% used [0x00007fa3d5bf0000, 0x00007fa3d836fb98, 0x00007fa3dad60000)
  to   space 83392K,   0% used [0x00007fa3dad60000, 0x00007fa3dad60000, 0x00007fa3dfed0000)
 tenured generation   total 1668496K, used 1634295K [0x00007fa6ee550000, 0x00007fa7542b4000, 0x00007fad71000000)
   the space 1668496K,  97% used [0x00007fa6ee550000, 0x00007fa75214dc68, 0x00007fa75214de00, 0x00007fa7542b4000)
 Metaspace       used 104813K, capacity 117862K, committed 118016K, reserved 118784K
Event: 38929.333 GC heap after
Heap after GC invocations=4196 (full 14):
 def new generation   total 750976K, used 39885K [0x00007fa3ad000000, 0x00007fa3dfed0000, 0x00007fa6ee550000)
  eden space 667584K,   0% used [0x00007fa3ad000000, 0x00007fa3ad000000, 0x00007fa3d5bf0000)
  from space 83392K,  47% used [0x00007fa3dad60000, 0x00007fa3dd453490, 0x00007fa3dfed0000)
  to   space 83392K,   0% used [0x00007fa3d5bf0000, 0x00007fa3d5bf0000, 0x00007fa3dad60000)
 tenured generation   total 1668496K, used 1634295K [0x00007fa6ee550000, 0x00007fa7542b4000, 0x00007fad71000000)
   the space 1668496K,  97% used [0x00007fa6ee550000, 0x00007fa75214dc68, 0x00007fa75214de00, 0x00007fa7542b4000)
 Metaspace       used 104813K, capacity 117862K, committed 118016K, reserved 118784K
}
Event: 38932.813 GC heap before
{Heap before GC invocations=4196 (full 14):
 def new generation   total 750976K, used 707469K [0x00007fa3ad000000, 0x00007fa3dfed0000, 0x00007fa6ee550000)
  eden space 667584K, 100% used [0x00007fa3ad000000, 0x00007fa3d5bf0000, 0x00007fa3d5bf0000)
  from space 83392K,  47% used [0x00007fa3dad60000, 0x00007fa3dd453490, 0x00007fa3dfed0000)
  to   space 83392K,   0% used [0x00007fa3d5bf0000, 0x00007fa3d5bf0000, 0x00007fa3dad60000)
 tenured generation   total 1668496K, used 1634295K [0x00007fa6ee550000, 0x00007fa7542b4000, 0x00007fad71000000)
   the space 1668496K,  97% used [0x00007fa6ee550000, 0x00007fa75214dc68, 0x00007fa75214de00, 0x00007fa7542b4000)
 Metaspace       used 104817K, capacity 117867K, committed 118016K, reserved 118784K
Event: 38932.904 GC heap after
Heap after GC invocations=4197 (full 14):
 def new generation   total 750976K, used 57706K [0x00007fa3ad000000, 0x00007fa3dfed0000, 0x00007fa6ee550000)
  eden space 667584K,   0% used [0x00007fa3ad000000, 0x00007fa3ad000000, 0x00007fa3d5bf0000)
  from space 83392K,  69% used [0x00007fa3d5bf0000, 0x00007fa3d944aad0, 0x00007fa3dad60000)
  to   space 83392K,   0% used [0x00007fa3dad60000, 0x00007fa3dad60000, 0x00007fa3dfed0000)
 tenured generation   total 1668496K, used 1634295K [0x00007fa6ee550000, 0x00007fa7542b4000, 0x00007fad71000000)
   the space 1668496K,  97% used [0x00007fa6ee550000, 0x00007fa75214dc68, 0x00007fa75214de00, 0x00007fa7542b4000)
 Metaspace       used 104817K, capacity 117867K, committed 118016K, reserved 118784K
}
Event: 38935.405 GC heap before
{Heap before GC invocations=4197 (full 14):
 def new generation   total 750976K, used 725290K [0x00007fa3ad000000, 0x00007fa3dfed0000, 0x00007fa6ee550000)
  eden space 667584K, 100% used [0x00007fa3ad000000, 0x00007fa3d5bf0000, 0x00007fa3d5bf0000)
  from space 83392K,  69% used [0x00007fa3d5bf0000, 0x00007fa3d944aad0, 0x00007fa3dad60000)
  to   space 83392K,   0% used [0x00007fa3dad60000, 0x00007fa3dad60000, 0x00007fa3dfed0000)
 tenured generation   total 1668496K, used 1634295K [0x00007fa6ee550000, 0x00007fa7542b4000, 0x00007fad71000000)
   the space 1668496K,  97% used [0x00007fa6ee550000, 0x00007fa75214dc68, 0x00007fa75214de00, 0x00007fa7542b4000)
 Metaspace       used 104818K, capacity 117867K, committed 118016K, reserved 118784K
Event: 38935.529 GC heap after
Heap after GC invocations=4198 (full 14):
 def new generation   total 750976K, used 42368K [0x00007fa3ad000000, 0x00007fa3dfed0000, 0x00007fa6ee550000)
  eden space 667584K,   0% used [0x00007fa3ad000000, 0x00007fa3ad000000, 0x00007fa3d5bf0000)
  from space 83392K,  50% used [0x00007fa3dad60000, 0x00007fa3dd6c0110, 0x00007fa3dfed0000)
  to   space 83392K,   0% used [0x00007fa3d5bf0000, 0x00007fa3d5bf0000, 0x00007fa3dad60000)
 tenured generation   total 1668496K, used 1651975K [0x00007fa6ee550000, 0x00007fa7542b4000, 0x00007fad71000000)
   the space 1668496K,  99% used [0x00007fa6ee550000, 0x00007fa753291f40, 0x00007fa753292000, 0x00007fa7542b4000)
 Metaspace       used 104818K, capacity 117867K, committed 118016K, reserved 118784K
}
Event: 38939.327 GC heap before
{Heap before GC invocations=4198 (full 14):
 def new generation   total 750976K, used 709952K [0x00007fa3ad000000, 0x00007fa3dfed0000, 0x00007fa6ee550000)
  eden space 667584K, 100% used [0x00007fa3ad000000, 0x00007fa3d5bf0000, 0x00007fa3d5bf0000)
  from space 83392K,  50% used [0x00007fa3dad60000, 0x00007fa3dd6c0110, 0x00007fa3dfed0000)
  to   space 83392K,   0% used [0x00007fa3d5bf0000, 0x00007fa3d5bf0000, 0x00007fa3dad60000)
 tenured generation   total 1668496K, used 1651975K [0x00007fa6ee550000, 0x00007fa7542b4000, 0x00007fad71000000)
   the space 1668496K,  99% used [0x00007fa6ee550000, 0x00007fa753291f40, 0x00007fa753292000, 0x00007fa7542b4000)
 Metaspace       used 104818K, capacity 117867K, committed 118016K, reserved 118784K
Event: 38940.676 GC heap after
Heap after GC invocations=4199 (full 14):
 def new generation   total 750976K, used 40723K [0x00007fa3ad000000, 0x00007fa3dfed0000, 0x00007fa6ee550000)
  eden space 667584K,   0% used [0x00007fa3ad000000, 0x00007fa3ad000000, 0x00007fa3d5bf0000)
  from space 83392K,  48% used [0x00007fa3d5bf0000, 0x00007fa3d83b4c18, 0x00007fa3dad60000)
  to   space 83392K,   0% used [0x00007fa3dad60000, 0x00007fa3dad60000, 0x00007fa3dfed0000)
 tenured generation   total 1668496K, used 1655271K [0x00007fa6ee550000, 0x00007fa7542b4000, 0x00007fad71000000)
   the space 1668496K,  99% used [0x00007fa6ee550000, 0x00007fa7535c9fc8, 0x00007fa7535ca000, 0x00007fa7542b4000)
 Metaspace       used 104818K, capacity 117867K, committed 118016K, reserved 118784K
}

