# JRE version: OpenJDK Runtime Environment (8.0_212-b03) (build 1.8.0_212-8u212-b03-2~deb9u1-b03)
# Java VM: OpenJDK 64-Bit Server VM (25.212-b03 mixed mode linux-amd64 )
Heap:
 def new generation   total 631680K, used 0K [0x00007fdbd7e00000, 0x00007fdc02b60000, 0x00007fdf19350000)
  eden space 561536K,   0% used [0x00007fdbd7e00000, 0x00007fdbd7e00000, 0x00007fdbfa260000)
  from space 70144K,   0% used [0x00007fdbfa260000, 0x00007fdbfa260000, 0x00007fdbfe6e0000)
  to   space 70144K,   0% used [0x00007fdbfe6e0000, 0x00007fdbfe6e0000, 0x00007fdc02b60000)
 tenured generation   total 1408428K, used 1120996K [0x00007fdf19350000, 0x00007fdf6f2bb000, 0x00007fe59be00000)
   the space 1408428K,  79% used [0x00007fdf19350000, 0x00007fdf5da092b8, 0x00007fdf5da09400, 0x00007fdf6f2bb000)
 Metaspace       used 95504K, capacity 107951K, committed 108032K, reserved 108544K
GC Heap History (10 events):
Event: 824.823 GC heap after
Heap after GC invocations=477 (full 8):
 def new generation   total 631680K, used 40344K [0x00007fdbd7e00000, 0x00007fdc02b60000, 0x00007fdf19350000)
  eden space 561536K,   0% used [0x00007fdbd7e00000, 0x00007fdbd7e00000, 0x00007fdbfa260000)
  from space 70144K,  57% used [0x00007fdbfe6e0000, 0x00007fdc00e46388, 0x00007fdc02b60000)
  to   space 70144K,   0% used [0x00007fdbfa260000, 0x00007fdbfa260000, 0x00007fdbfe6e0000)
 tenured generation   total 1403436K, used 1365988K [0x00007fdf19350000, 0x00007fdf6eddb000, 0x00007fe59be00000)
   the space 1403436K,  97% used [0x00007fdf19350000, 0x00007fdf6c949040, 0x00007fdf6c949200, 0x00007fdf6eddb000)
 Metaspace       used 95484K, capacity 107951K, committed 108032K, reserved 108544K
}
Event: 828.403 GC heap before
{Heap before GC invocations=477 (full 8):
 def new generation   total 631680K, used 601871K [0x00007fdbd7e00000, 0x00007fdc02b60000, 0x00007fdf19350000)
  eden space 561536K,  99% used [0x00007fdbd7e00000, 0x00007fdbfa25db30, 0x00007fdbfa260000)
  from space 70144K,  57% used [0x00007fdbfe6e0000, 0x00007fdc00e46388, 0x00007fdc02b60000)
  to   space 70144K,   0% used [0x00007fdbfa260000, 0x00007fdbfa260000, 0x00007fdbfe6e0000)
 tenured generation   total 1403436K, used 1365988K [0x00007fdf19350000, 0x00007fdf6eddb000, 0x00007fe59be00000)
   the space 1403436K,  97% used [0x00007fdf19350000, 0x00007fdf6c949040, 0x00007fdf6c949200, 0x00007fdf6eddb000)
 Metaspace       used 95484K, capacity 107951K, committed 108032K, reserved 108544K
Event: 828.456 GC heap after
Heap after GC invocations=478 (full 8):
 def new generation   total 631680K, used 42738K [0x00007fdbd7e00000, 0x00007fdc02b60000, 0x00007fdf19350000)
  eden space 561536K,   0% used [0x00007fdbd7e00000, 0x00007fdbd7e00000, 0x00007fdbfa260000)
  from space 70144K,  60% used [0x00007fdbfa260000, 0x00007fdbfcc1cae8, 0x00007fdbfe6e0000)
  to   space 70144K,   0% used [0x00007fdbfe6e0000, 0x00007fdbfe6e0000, 0x00007fdc02b60000)
 tenured generation   total 1403436K, used 1371983K [0x00007fdf19350000, 0x00007fdf6eddb000, 0x00007fe59be00000)
   the space 1403436K,  97% used [0x00007fdf19350000, 0x00007fdf6cf23c70, 0x00007fdf6cf23e00, 0x00007fdf6eddb000)
 Metaspace       used 95484K, capacity 107951K, committed 108032K, reserved 108544K
}
Event: 832.351 GC heap before
{Heap before GC invocations=478 (full 8):
 def new generation   total 631680K, used 604274K [0x00007fdbd7e00000, 0x00007fdc02b60000, 0x00007fdf19350000)
  eden space 561536K, 100% used [0x00007fdbd7e00000, 0x00007fdbfa260000, 0x00007fdbfa260000)
  from space 70144K,  60% used [0x00007fdbfa260000, 0x00007fdbfcc1cae8, 0x00007fdbfe6e0000)
  to   space 70144K,   0% used [0x00007fdbfe6e0000, 0x00007fdbfe6e0000, 0x00007fdc02b60000)
 tenured generation   total 1403436K, used 1371983K [0x00007fdf19350000, 0x00007fdf6eddb000, 0x00007fe59be00000)
   the space 1403436K,  97% used [0x00007fdf19350000, 0x00007fdf6cf23c70, 0x00007fdf6cf23e00, 0x00007fdf6eddb000)
 Metaspace       used 95484K, capacity 107951K, committed 108032K, reserved 108544K
Event: 832.413 GC heap after
Heap after GC invocations=479 (full 8):
 def new generation   total 631680K, used 39967K [0x00007fdbd7e00000, 0x00007fdc02b60000, 0x00007fdf19350000)
  eden space 561536K,   0% used [0x00007fdbd7e00000, 0x00007fdbd7e00000, 0x00007fdbfa260000)
  from space 70144K,  56% used [0x00007fdbfe6e0000, 0x00007fdc00de7df0, 0x00007fdc02b60000)
  to   space 70144K,   0% used [0x00007fdbfa260000, 0x00007fdbfa260000, 0x00007fdbfe6e0000)
 tenured generation   total 1403436K, used 1384247K [0x00007fdf19350000, 0x00007fdf6eddb000, 0x00007fe59be00000)
   the space 1403436K,  98% used [0x00007fdf19350000, 0x00007fdf6db1deb8, 0x00007fdf6db1e000, 0x00007fdf6eddb000)
 Metaspace       used 95484K, capacity 107951K, committed 108032K, reserved 108544K
}
Event: 836.600 GC heap before
{Heap before GC invocations=479 (full 8):
 def new generation   total 631680K, used 601503K [0x00007fdbd7e00000, 0x00007fdc02b60000, 0x00007fdf19350000)
  eden space 561536K, 100% used [0x00007fdbd7e00000, 0x00007fdbfa260000, 0x00007fdbfa260000)
  from space 70144K,  56% used [0x00007fdbfe6e0000, 0x00007fdc00de7df0, 0x00007fdc02b60000)
  to   space 70144K,   0% used [0x00007fdbfa260000, 0x00007fdbfa260000, 0x00007fdbfe6e0000)
 tenured generation   total 1403436K, used 1384247K [0x00007fdf19350000, 0x00007fdf6eddb000, 0x00007fe59be00000)
   the space 1403436K,  98% used [0x00007fdf19350000, 0x00007fdf6db1deb8, 0x00007fdf6db1e000, 0x00007fdf6eddb000)
 Metaspace       used 95486K, capacity 107951K, committed 108032K, reserved 108544K
Event: 836.660 GC heap after
Heap after GC invocations=480 (full 8):
 def new generation   total 631680K, used 42005K [0x00007fdbd7e00000, 0x00007fdc02b60000, 0x00007fdf19350000)
  eden space 561536K,   0% used [0x00007fdbd7e00000, 0x00007fdbd7e00000, 0x00007fdbfa260000)
  from space 70144K,  59% used [0x00007fdbfa260000, 0x00007fdbfcb65528, 0x00007fdbfe6e0000)
  to   space 70144K,   0% used [0x00007fdbfe6e0000, 0x00007fdbfe6e0000, 0x00007fdc02b60000)
 tenured generation   total 1403436K, used 1391670K [0x00007fdf19350000, 0x00007fdf6eddb000, 0x00007fe59be00000)
   the space 1403436K,  99% used [0x00007fdf19350000, 0x00007fdf6e25d940, 0x00007fdf6e25da00, 0x00007fdf6eddb000)
 Metaspace       used 95486K, capacity 107951K, committed 108032K, reserved 108544K
}
Event: 839.388 GC heap before
{Heap before GC invocations=480 (full 8):
 def new generation   total 631680K, used 603541K [0x00007fdbd7e00000, 0x00007fdc02b60000, 0x00007fdf19350000)
  eden space 561536K, 100% used [0x00007fdbd7e00000, 0x00007fdbfa260000, 0x00007fdbfa260000)
  from space 70144K,  59% used [0x00007fdbfa260000, 0x00007fdbfcb65528, 0x00007fdbfe6e0000)
  to   space 70144K,   0% used [0x00007fdbfe6e0000, 0x00007fdbfe6e0000, 0x00007fdc02b60000)
 tenured generation   total 1403436K, used 1391670K [0x00007fdf19350000, 0x00007fdf6eddb000, 0x00007fe59be00000)
   the space 1403436K,  99% used [0x00007fdf19350000, 0x00007fdf6e25d940, 0x00007fdf6e25da00, 0x00007fdf6eddb000)
 Metaspace       used 95492K, capacity 107951K, committed 108032K, reserved 108544K
Event: 839.436 GC heap after
Heap after GC invocations=481 (full 8):
 def new generation   total 631680K, used 39000K [0x00007fdbd7e00000, 0x00007fdc02b60000, 0x00007fdf19350000)
  eden space 561536K,   0% used [0x00007fdbd7e00000, 0x00007fdbd7e00000, 0x00007fdbfa260000)
  from space 70144K,  55% used [0x00007fdbfe6e0000, 0x00007fdc00cf6210, 0x00007fdc02b60000)
  to   space 70144K,   0% used [0x00007fdbfa260000, 0x00007fdbfa260000, 0x00007fdbfe6e0000)
 tenured generation   total 1403436K, used 1399469K [0x00007fdf19350000, 0x00007fdf6eddb000, 0x00007fe59be00000)
   the space 1403436K,  99% used [0x00007fdf19350000, 0x00007fdf6e9fb5d0, 0x00007fdf6e9fb600, 0x00007fdf6eddb000)
 Metaspace       used 95492K, capacity 107951K, committed 108032K, reserved 108544K
}
Event: 842.249 GC heap before
{Heap before GC invocations=481 (full 8):
 def new generation   total 631680K, used 600536K [0x00007fdbd7e00000, 0x00007fdc02b60000, 0x00007fdf19350000)
  eden space 561536K, 100% used [0x00007fdbd7e00000, 0x00007fdbfa260000, 0x00007fdbfa260000)
  from space 70144K,  55% used [0x00007fdbfe6e0000, 0x00007fdc00cf6210, 0x00007fdc02b60000)
  to   space 70144K,   0% used [0x00007fdbfa260000, 0x00007fdbfa260000, 0x00007fdbfe6e0000)
 tenured generation   total 1403436K, used 1399469K [0x00007fdf19350000, 0x00007fdf6eddb000, 0x00007fe59be00000)
   the space 1403436K,  99% used [0x00007fdf19350000, 0x00007fdf6e9fb5d0, 0x00007fdf6e9fb600, 0x00007fdf6eddb000)
 Metaspace       used 95504K, capacity 107951K, committed 108032K, reserved 108544K

